{"/Users/karishmanimgaonkar/Documents/DevOps/HW/DevOps/HW/HW2/test.js":{"path":"/Users/karishmanimgaonkar/Documents/DevOps/HW/DevOps/HW/HW2/test.js","s":{"1":1,"2":1,"3":1,"4":1,"5":1,"6":1,"7":1,"8":1,"9":1,"10":1,"11":1,"12":1,"13":1,"14":1,"15":1,"16":1,"17":1,"18":1,"19":1,"20":1,"21":1,"22":1,"23":1,"24":1,"25":1,"26":1,"27":1,"28":1,"29":1,"30":1,"31":1,"32":1,"33":1,"34":1,"35":1,"36":1,"37":1,"38":1,"39":1,"40":1,"41":1,"42":1,"43":1,"44":1,"45":1,"46":1,"47":1,"48":1,"49":1,"50":1,"51":1,"52":1,"53":1,"54":1,"55":1,"56":1,"57":1,"58":1,"59":1,"60":1,"61":1,"62":1,"63":1,"64":1,"65":1,"66":1,"67":1,"68":1,"69":1,"70":1,"71":1,"72":1,"73":1,"74":1,"75":1,"76":1,"77":1,"78":1,"79":1,"80":1,"81":1,"82":1,"83":1,"84":1,"85":1,"86":1,"87":1,"88":1,"89":1,"90":1,"91":1,"92":1,"93":1,"94":1,"95":1,"96":1,"97":1,"98":1,"99":1,"100":1,"101":1,"102":1,"103":1,"104":1,"105":1,"106":1,"107":1,"108":1,"109":1,"110":1,"111":1,"112":1,"113":1,"114":1,"115":1,"116":1,"117":1,"118":1,"119":1,"120":1,"121":1,"122":1,"123":1,"124":1,"125":1,"126":1,"127":1,"128":1,"129":1,"130":1,"131":1,"132":1,"133":1,"134":1,"135":1,"136":1,"137":1,"138":1,"139":1,"140":1,"141":1,"142":1,"143":1,"144":1,"145":1,"146":1,"147":1,"148":1,"149":1,"150":1,"151":1,"152":1,"153":1,"154":1,"155":1,"156":1,"157":1,"158":1,"159":1,"160":1,"161":1,"162":1,"163":1,"164":1,"165":1,"166":1,"167":1,"168":1,"169":1,"170":1,"171":1,"172":1,"173":1,"174":1,"175":1,"176":1,"177":1,"178":1,"179":1,"180":1,"181":1,"182":1,"183":1,"184":1,"185":1,"186":1,"187":1,"188":1,"189":1,"190":1,"191":1,"192":1,"193":1,"194":1,"195":1,"196":1,"197":1,"198":1,"199":1,"200":1,"201":1,"202":1,"203":1,"204":1,"205":1,"206":1,"207":1,"208":1,"209":1,"210":1,"211":1,"212":1,"213":1,"214":1,"215":1,"216":1,"217":1,"218":1,"219":1,"220":1,"221":1,"222":1,"223":1,"224":1,"225":1,"226":1,"227":1,"228":1,"229":1,"230":1,"231":1,"232":1,"233":1,"234":1,"235":1,"236":1},"b":{},"f":{},"fnMap":{},"statementMap":{"1":{"start":{"line":1,"column":0},"end":{"line":1,"column":37}},"2":{"start":{"line":2,"column":0},"end":{"line":2,"column":30}},"3":{"start":{"line":3,"column":0},"end":{"line":3,"column":19}},"4":{"start":{"line":4,"column":0},"end":{"line":4,"column":26}},"5":{"start":{"line":5,"column":0},"end":{"line":5,"column":32}},"6":{"start":{"line":6,"column":0},"end":{"line":6,"column":19}},"7":{"start":{"line":7,"column":0},"end":{"line":7,"column":26}},"8":{"start":{"line":8,"column":0},"end":{"line":8,"column":32}},"9":{"start":{"line":9,"column":0},"end":{"line":9,"column":18}},"10":{"start":{"line":10,"column":0},"end":{"line":10,"column":25}},"11":{"start":{"line":11,"column":0},"end":{"line":11,"column":31}},"12":{"start":{"line":12,"column":0},"end":{"line":12,"column":31}},"13":{"start":{"line":13,"column":0},"end":{"line":13,"column":27}},"14":{"start":{"line":14,"column":0},"end":{"line":14,"column":33}},"15":{"start":{"line":15,"column":0},"end":{"line":15,"column":39}},"16":{"start":{"line":16,"column":0},"end":{"line":16,"column":35}},"17":{"start":{"line":17,"column":0},"end":{"line":17,"column":35}},"18":{"start":{"line":18,"column":0},"end":{"line":18,"column":39}},"19":{"start":{"line":19,"column":0},"end":{"line":19,"column":33}},"20":{"start":{"line":20,"column":0},"end":{"line":20,"column":27}},"21":{"start":{"line":21,"column":0},"end":{"line":21,"column":33}},"22":{"start":{"line":22,"column":0},"end":{"line":22,"column":39}},"23":{"start":{"line":23,"column":0},"end":{"line":23,"column":35}},"24":{"start":{"line":24,"column":0},"end":{"line":24,"column":35}},"25":{"start":{"line":25,"column":0},"end":{"line":25,"column":39}},"26":{"start":{"line":26,"column":0},"end":{"line":26,"column":33}},"27":{"start":{"line":27,"column":0},"end":{"line":27,"column":27}},"28":{"start":{"line":28,"column":0},"end":{"line":28,"column":33}},"29":{"start":{"line":29,"column":0},"end":{"line":29,"column":39}},"30":{"start":{"line":30,"column":0},"end":{"line":30,"column":35}},"31":{"start":{"line":31,"column":0},"end":{"line":31,"column":35}},"32":{"start":{"line":32,"column":0},"end":{"line":32,"column":39}},"33":{"start":{"line":33,"column":0},"end":{"line":33,"column":33}},"34":{"start":{"line":34,"column":0},"end":{"line":34,"column":27}},"35":{"start":{"line":35,"column":0},"end":{"line":35,"column":33}},"36":{"start":{"line":36,"column":0},"end":{"line":36,"column":39}},"37":{"start":{"line":37,"column":0},"end":{"line":37,"column":35}},"38":{"start":{"line":38,"column":0},"end":{"line":38,"column":35}},"39":{"start":{"line":39,"column":0},"end":{"line":39,"column":39}},"40":{"start":{"line":40,"column":0},"end":{"line":40,"column":33}},"41":{"start":{"line":41,"column":0},"end":{"line":41,"column":27}},"42":{"start":{"line":42,"column":0},"end":{"line":42,"column":33}},"43":{"start":{"line":43,"column":0},"end":{"line":43,"column":39}},"44":{"start":{"line":44,"column":0},"end":{"line":44,"column":35}},"45":{"start":{"line":45,"column":0},"end":{"line":45,"column":35}},"46":{"start":{"line":46,"column":0},"end":{"line":46,"column":39}},"47":{"start":{"line":47,"column":0},"end":{"line":47,"column":33}},"48":{"start":{"line":48,"column":0},"end":{"line":48,"column":27}},"49":{"start":{"line":49,"column":0},"end":{"line":49,"column":33}},"50":{"start":{"line":50,"column":0},"end":{"line":50,"column":39}},"51":{"start":{"line":51,"column":0},"end":{"line":51,"column":35}},"52":{"start":{"line":52,"column":0},"end":{"line":52,"column":35}},"53":{"start":{"line":53,"column":0},"end":{"line":53,"column":39}},"54":{"start":{"line":54,"column":0},"end":{"line":54,"column":33}},"55":{"start":{"line":55,"column":0},"end":{"line":55,"column":26}},"56":{"start":{"line":56,"column":0},"end":{"line":56,"column":32}},"57":{"start":{"line":57,"column":0},"end":{"line":57,"column":38}},"58":{"start":{"line":58,"column":0},"end":{"line":58,"column":34}},"59":{"start":{"line":59,"column":0},"end":{"line":59,"column":34}},"60":{"start":{"line":60,"column":0},"end":{"line":60,"column":38}},"61":{"start":{"line":61,"column":0},"end":{"line":61,"column":32}},"62":{"start":{"line":62,"column":0},"end":{"line":62,"column":26}},"63":{"start":{"line":63,"column":0},"end":{"line":63,"column":32}},"64":{"start":{"line":64,"column":0},"end":{"line":64,"column":38}},"65":{"start":{"line":65,"column":0},"end":{"line":65,"column":34}},"66":{"start":{"line":66,"column":0},"end":{"line":66,"column":34}},"67":{"start":{"line":67,"column":0},"end":{"line":67,"column":38}},"68":{"start":{"line":68,"column":0},"end":{"line":68,"column":32}},"69":{"start":{"line":69,"column":0},"end":{"line":69,"column":26}},"70":{"start":{"line":70,"column":0},"end":{"line":70,"column":32}},"71":{"start":{"line":71,"column":0},"end":{"line":71,"column":38}},"72":{"start":{"line":72,"column":0},"end":{"line":72,"column":34}},"73":{"start":{"line":73,"column":0},"end":{"line":73,"column":34}},"74":{"start":{"line":74,"column":0},"end":{"line":74,"column":38}},"75":{"start":{"line":75,"column":0},"end":{"line":75,"column":32}},"76":{"start":{"line":76,"column":0},"end":{"line":76,"column":27}},"77":{"start":{"line":77,"column":0},"end":{"line":77,"column":33}},"78":{"start":{"line":78,"column":0},"end":{"line":78,"column":39}},"79":{"start":{"line":79,"column":0},"end":{"line":79,"column":35}},"80":{"start":{"line":80,"column":0},"end":{"line":80,"column":35}},"81":{"start":{"line":81,"column":0},"end":{"line":81,"column":39}},"82":{"start":{"line":82,"column":0},"end":{"line":82,"column":33}},"83":{"start":{"line":83,"column":0},"end":{"line":83,"column":27}},"84":{"start":{"line":84,"column":0},"end":{"line":84,"column":33}},"85":{"start":{"line":85,"column":0},"end":{"line":85,"column":39}},"86":{"start":{"line":86,"column":0},"end":{"line":86,"column":35}},"87":{"start":{"line":87,"column":0},"end":{"line":87,"column":35}},"88":{"start":{"line":88,"column":0},"end":{"line":88,"column":39}},"89":{"start":{"line":89,"column":0},"end":{"line":89,"column":33}},"90":{"start":{"line":90,"column":0},"end":{"line":90,"column":27}},"91":{"start":{"line":91,"column":0},"end":{"line":91,"column":33}},"92":{"start":{"line":92,"column":0},"end":{"line":92,"column":39}},"93":{"start":{"line":93,"column":0},"end":{"line":93,"column":35}},"94":{"start":{"line":94,"column":0},"end":{"line":94,"column":35}},"95":{"start":{"line":95,"column":0},"end":{"line":95,"column":39}},"96":{"start":{"line":96,"column":0},"end":{"line":96,"column":33}},"97":{"start":{"line":97,"column":0},"end":{"line":97,"column":27}},"98":{"start":{"line":98,"column":0},"end":{"line":98,"column":33}},"99":{"start":{"line":99,"column":0},"end":{"line":99,"column":39}},"100":{"start":{"line":100,"column":0},"end":{"line":100,"column":35}},"101":{"start":{"line":101,"column":0},"end":{"line":101,"column":35}},"102":{"start":{"line":102,"column":0},"end":{"line":102,"column":39}},"103":{"start":{"line":103,"column":0},"end":{"line":103,"column":33}},"104":{"start":{"line":104,"column":0},"end":{"line":104,"column":27}},"105":{"start":{"line":105,"column":0},"end":{"line":105,"column":33}},"106":{"start":{"line":106,"column":0},"end":{"line":106,"column":39}},"107":{"start":{"line":107,"column":0},"end":{"line":107,"column":35}},"108":{"start":{"line":108,"column":0},"end":{"line":108,"column":35}},"109":{"start":{"line":109,"column":0},"end":{"line":109,"column":39}},"110":{"start":{"line":110,"column":0},"end":{"line":110,"column":33}},"111":{"start":{"line":111,"column":0},"end":{"line":111,"column":27}},"112":{"start":{"line":112,"column":0},"end":{"line":112,"column":33}},"113":{"start":{"line":113,"column":0},"end":{"line":113,"column":39}},"114":{"start":{"line":114,"column":0},"end":{"line":114,"column":35}},"115":{"start":{"line":115,"column":0},"end":{"line":115,"column":35}},"116":{"start":{"line":116,"column":0},"end":{"line":116,"column":39}},"117":{"start":{"line":117,"column":0},"end":{"line":117,"column":33}},"118":{"start":{"line":118,"column":0},"end":{"line":118,"column":26}},"119":{"start":{"line":119,"column":0},"end":{"line":119,"column":32}},"120":{"start":{"line":120,"column":0},"end":{"line":120,"column":38}},"121":{"start":{"line":121,"column":0},"end":{"line":121,"column":34}},"122":{"start":{"line":122,"column":0},"end":{"line":122,"column":34}},"123":{"start":{"line":123,"column":0},"end":{"line":123,"column":38}},"124":{"start":{"line":124,"column":0},"end":{"line":124,"column":32}},"125":{"start":{"line":125,"column":0},"end":{"line":125,"column":26}},"126":{"start":{"line":126,"column":0},"end":{"line":126,"column":32}},"127":{"start":{"line":127,"column":0},"end":{"line":127,"column":38}},"128":{"start":{"line":128,"column":0},"end":{"line":128,"column":34}},"129":{"start":{"line":129,"column":0},"end":{"line":129,"column":34}},"130":{"start":{"line":130,"column":0},"end":{"line":130,"column":38}},"131":{"start":{"line":131,"column":0},"end":{"line":131,"column":32}},"132":{"start":{"line":132,"column":0},"end":{"line":132,"column":26}},"133":{"start":{"line":133,"column":0},"end":{"line":133,"column":32}},"134":{"start":{"line":134,"column":0},"end":{"line":134,"column":38}},"135":{"start":{"line":135,"column":0},"end":{"line":135,"column":34}},"136":{"start":{"line":136,"column":0},"end":{"line":136,"column":34}},"137":{"start":{"line":137,"column":0},"end":{"line":137,"column":38}},"138":{"start":{"line":138,"column":0},"end":{"line":138,"column":32}},"139":{"start":{"line":139,"column":0},"end":{"line":139,"column":26}},"140":{"start":{"line":140,"column":0},"end":{"line":140,"column":32}},"141":{"start":{"line":141,"column":0},"end":{"line":141,"column":38}},"142":{"start":{"line":142,"column":0},"end":{"line":142,"column":34}},"143":{"start":{"line":143,"column":0},"end":{"line":143,"column":34}},"144":{"start":{"line":144,"column":0},"end":{"line":144,"column":38}},"145":{"start":{"line":145,"column":0},"end":{"line":145,"column":32}},"146":{"start":{"line":146,"column":0},"end":{"line":146,"column":26}},"147":{"start":{"line":147,"column":0},"end":{"line":147,"column":32}},"148":{"start":{"line":148,"column":0},"end":{"line":148,"column":38}},"149":{"start":{"line":149,"column":0},"end":{"line":149,"column":34}},"150":{"start":{"line":150,"column":0},"end":{"line":150,"column":34}},"151":{"start":{"line":151,"column":0},"end":{"line":151,"column":38}},"152":{"start":{"line":152,"column":0},"end":{"line":152,"column":32}},"153":{"start":{"line":153,"column":0},"end":{"line":153,"column":26}},"154":{"start":{"line":154,"column":0},"end":{"line":154,"column":32}},"155":{"start":{"line":155,"column":0},"end":{"line":155,"column":38}},"156":{"start":{"line":156,"column":0},"end":{"line":156,"column":34}},"157":{"start":{"line":157,"column":0},"end":{"line":157,"column":34}},"158":{"start":{"line":158,"column":0},"end":{"line":158,"column":38}},"159":{"start":{"line":159,"column":0},"end":{"line":159,"column":32}},"160":{"start":{"line":160,"column":0},"end":{"line":160,"column":26}},"161":{"start":{"line":161,"column":0},"end":{"line":161,"column":32}},"162":{"start":{"line":162,"column":0},"end":{"line":162,"column":38}},"163":{"start":{"line":163,"column":0},"end":{"line":163,"column":34}},"164":{"start":{"line":164,"column":0},"end":{"line":164,"column":34}},"165":{"start":{"line":165,"column":0},"end":{"line":165,"column":38}},"166":{"start":{"line":166,"column":0},"end":{"line":166,"column":32}},"167":{"start":{"line":167,"column":0},"end":{"line":167,"column":26}},"168":{"start":{"line":168,"column":0},"end":{"line":168,"column":32}},"169":{"start":{"line":169,"column":0},"end":{"line":169,"column":38}},"170":{"start":{"line":170,"column":0},"end":{"line":170,"column":34}},"171":{"start":{"line":171,"column":0},"end":{"line":171,"column":34}},"172":{"start":{"line":172,"column":0},"end":{"line":172,"column":38}},"173":{"start":{"line":173,"column":0},"end":{"line":173,"column":32}},"174":{"start":{"line":174,"column":0},"end":{"line":174,"column":26}},"175":{"start":{"line":175,"column":0},"end":{"line":175,"column":32}},"176":{"start":{"line":176,"column":0},"end":{"line":176,"column":38}},"177":{"start":{"line":177,"column":0},"end":{"line":177,"column":34}},"178":{"start":{"line":178,"column":0},"end":{"line":178,"column":34}},"179":{"start":{"line":179,"column":0},"end":{"line":179,"column":38}},"180":{"start":{"line":180,"column":0},"end":{"line":180,"column":32}},"181":{"start":{"line":181,"column":0},"end":{"line":181,"column":25}},"182":{"start":{"line":182,"column":0},"end":{"line":182,"column":31}},"183":{"start":{"line":183,"column":0},"end":{"line":183,"column":37}},"184":{"start":{"line":184,"column":0},"end":{"line":184,"column":33}},"185":{"start":{"line":185,"column":0},"end":{"line":185,"column":33}},"186":{"start":{"line":186,"column":0},"end":{"line":186,"column":37}},"187":{"start":{"line":187,"column":0},"end":{"line":187,"column":31}},"188":{"start":{"line":188,"column":0},"end":{"line":188,"column":25}},"189":{"start":{"line":189,"column":0},"end":{"line":189,"column":31}},"190":{"start":{"line":190,"column":0},"end":{"line":190,"column":37}},"191":{"start":{"line":191,"column":0},"end":{"line":191,"column":33}},"192":{"start":{"line":192,"column":0},"end":{"line":192,"column":33}},"193":{"start":{"line":193,"column":0},"end":{"line":193,"column":37}},"194":{"start":{"line":194,"column":0},"end":{"line":194,"column":31}},"195":{"start":{"line":195,"column":0},"end":{"line":195,"column":25}},"196":{"start":{"line":196,"column":0},"end":{"line":196,"column":31}},"197":{"start":{"line":197,"column":0},"end":{"line":197,"column":37}},"198":{"start":{"line":198,"column":0},"end":{"line":198,"column":33}},"199":{"start":{"line":199,"column":0},"end":{"line":199,"column":33}},"200":{"start":{"line":200,"column":0},"end":{"line":200,"column":37}},"201":{"start":{"line":201,"column":0},"end":{"line":201,"column":31}},"202":{"start":{"line":202,"column":0},"end":{"line":202,"column":31}},"203":{"start":{"line":203,"column":0},"end":{"line":203,"column":24}},"204":{"start":{"line":204,"column":0},"end":{"line":204,"column":39}},"205":{"start":{"line":205,"column":0},"end":{"line":205,"column":35}},"206":{"start":{"line":206,"column":0},"end":{"line":206,"column":41}},"207":{"start":{"line":207,"column":0},"end":{"line":207,"column":39}},"208":{"start":{"line":208,"column":0},"end":{"line":208,"column":54}},"209":{"start":{"line":209,"column":0},"end":{"line":209,"column":50}},"210":{"start":{"line":210,"column":0},"end":{"line":210,"column":56}},"211":{"start":{"line":211,"column":0},"end":{"line":211,"column":35}},"212":{"start":{"line":212,"column":0},"end":{"line":212,"column":50}},"213":{"start":{"line":213,"column":0},"end":{"line":213,"column":46}},"214":{"start":{"line":214,"column":0},"end":{"line":214,"column":52}},"215":{"start":{"line":215,"column":0},"end":{"line":215,"column":39}},"216":{"start":{"line":216,"column":0},"end":{"line":216,"column":54}},"217":{"start":{"line":217,"column":0},"end":{"line":217,"column":50}},"218":{"start":{"line":218,"column":0},"end":{"line":218,"column":56}},"219":{"start":{"line":219,"column":0},"end":{"line":219,"column":79}},"220":{"start":{"line":220,"column":1},"end":{"line":220,"column":57}},"221":{"start":{"line":221,"column":0},"end":{"line":221,"column":15}},"222":{"start":{"line":222,"column":0},"end":{"line":222,"column":58}},"223":{"start":{"line":223,"column":1},"end":{"line":223,"column":57}},"224":{"start":{"line":224,"column":0},"end":{"line":224,"column":15}},"225":{"start":{"line":225,"column":0},"end":{"line":225,"column":29}},"226":{"start":{"line":226,"column":1},"end":{"line":226,"column":57}},"227":{"start":{"line":227,"column":0},"end":{"line":227,"column":15}},"228":{"start":{"line":228,"column":0},"end":{"line":228,"column":9}},"229":{"start":{"line":229,"column":1},"end":{"line":229,"column":57}},"230":{"start":{"line":230,"column":0},"end":{"line":230,"column":15}},"231":{"start":{"line":231,"column":0},"end":{"line":231,"column":22}},"232":{"start":{"line":232,"column":0},"end":{"line":232,"column":22}},"233":{"start":{"line":233,"column":0},"end":{"line":233,"column":25}},"234":{"start":{"line":234,"column":0},"end":{"line":234,"column":25}},"235":{"start":{"line":235,"column":0},"end":{"line":235,"column":28}},"236":{"start":{"line":236,"column":0},"end":{"line":236,"column":28}}},"branchMap":{}},"/Users/karishmanimgaonkar/Documents/DevOps/HW/DevOps/HW/HW2/subject.js":{"path":"/Users/karishmanimgaonkar/Documents/DevOps/HW/DevOps/HW/HW2/subject.js","s":{"1":1,"2":1,"3":10,"4":3,"5":10,"6":3,"7":10,"8":1,"9":190,"10":21,"11":169,"12":112,"13":32,"14":80,"15":16,"16":57,"17":40,"18":102,"19":1,"20":20,"21":18,"22":2,"23":2,"24":2,"25":0,"26":0,"27":0,"28":0,"29":0,"30":1,"31":6,"32":1,"33":4,"34":4,"35":4,"36":0,"37":4,"38":1,"39":2,"40":2,"41":2,"42":0,"43":2,"44":1,"45":1,"46":1,"47":1,"48":1,"49":1},"b":{"1":[3,7],"2":[3,7],"3":[21,169],"4":[190,63],"5":[112,57],"6":[32,80],"7":[16,64],"8":[40,17],"9":[18,2],"10":[2,0],"11":[0,0],"12":[0,0],"13":[4,0],"14":[4,0],"15":[0,2]},"f":{"1":10,"2":190,"3":20,"4":6,"5":4,"6":2},"fnMap":{"1":{"name":"inc","line":3,"loc":{"start":{"line":3,"column":0},"end":{"line":3,"column":18}}},"2":{"name":"weird","line":12,"loc":{"start":{"line":12,"column":0},"end":{"line":13,"column":0}}},"3":{"name":"fileTest","line":40,"loc":{"start":{"line":40,"column":0},"end":{"line":41,"column":0}}},"4":{"name":"normalize","line":64,"loc":{"start":{"line":64,"column":0},"end":{"line":64,"column":32}}},"5":{"name":"format","line":73,"loc":{"start":{"line":73,"column":0},"end":{"line":74,"column":0}}},"6":{"name":"blackListNumber","line":88,"loc":{"start":{"line":88,"column":0},"end":{"line":89,"column":0}}}},"statementMap":{"1":{"start":{"line":1,"column":0},"end":{"line":1,"column":23}},"2":{"start":{"line":3,"column":0},"end":{"line":10,"column":1}},"3":{"start":{"line":4,"column":3},"end":{"line":4,"column":26}},"4":{"start":{"line":4,"column":21},"end":{"line":4,"column":26}},"5":{"start":{"line":5,"column":3},"end":{"line":8,"column":4}},"6":{"start":{"line":7,"column":4},"end":{"line":7,"column":11}},"7":{"start":{"line":9,"column":3},"end":{"line":9,"column":18}},"8":{"start":{"line":12,"column":0},"end":{"line":37,"column":1}},"9":{"start":{"line":14,"column":4},"end":{"line":35,"column":5}},"10":{"start":{"line":16,"column":8},"end":{"line":16,"column":15}},"11":{"start":{"line":18,"column":9},"end":{"line":35,"column":5}},"12":{"start":{"line":20,"column":8},"end":{"line":27,"column":9}},"13":{"start":{"line":22,"column":12},"end":{"line":22,"column":21}},"14":{"start":{"line":24,"column":13},"end":{"line":27,"column":9}},"15":{"start":{"line":26,"column":12},"end":{"line":26,"column":21}},"16":{"start":{"line":31,"column":8},"end":{"line":34,"column":9}},"17":{"start":{"line":33,"column":12},"end":{"line":33,"column":29}},"18":{"start":{"line":36,"column":4},"end":{"line":36,"column":13}},"19":{"start":{"line":40,"column":0},"end":{"line":62,"column":1}},"20":{"start":{"line":42,"column":1},"end":{"line":45,"column":5}},"21":{"start":{"line":44,"column":8},"end":{"line":44,"column":21}},"22":{"start":{"line":47,"column":4},"end":{"line":47,"column":36}},"23":{"start":{"line":48,"column":4},"end":{"line":51,"column":5}},"24":{"start":{"line":50,"column":8},"end":{"line":50,"column":21}},"25":{"start":{"line":53,"column":3},"end":{"line":61,"column":2}},"26":{"start":{"line":55,"column":2},"end":{"line":55,"column":46}},"27":{"start":{"line":56,"column":2},"end":{"line":59,"column":3}},"28":{"start":{"line":58,"column":3},"end":{"line":58,"column":15}},"29":{"start":{"line":60,"column":2},"end":{"line":60,"column":15}},"30":{"start":{"line":64,"column":0},"end":{"line":71,"column":1}},"31":{"start":{"line":66,"column":4},"end":{"line":69,"column":6}},"32":{"start":{"line":73,"column":0},"end":{"line":86,"column":1}},"33":{"start":{"line":76,"column":4},"end":{"line":78,"column":5}},"34":{"start":{"line":77,"column":6},"end":{"line":77,"column":42}},"35":{"start":{"line":80,"column":4},"end":{"line":82,"column":5}},"36":{"start":{"line":81,"column":6},"end":{"line":81,"column":63}},"37":{"start":{"line":84,"column":4},"end":{"line":84,"column":24}},"38":{"start":{"line":88,"column":0},"end":{"line":97,"column":1}},"39":{"start":{"line":90,"column":1},"end":{"line":90,"column":49}},"40":{"start":{"line":91,"column":1},"end":{"line":91,"column":31}},"41":{"start":{"line":92,"column":1},"end":{"line":95,"column":2}},"42":{"start":{"line":94,"column":2},"end":{"line":94,"column":14}},"43":{"start":{"line":96,"column":1},"end":{"line":96,"column":14}},"44":{"start":{"line":99,"column":0},"end":{"line":99,"column":28}},"45":{"start":{"line":100,"column":0},"end":{"line":100,"column":30}},"46":{"start":{"line":101,"column":0},"end":{"line":101,"column":24}},"47":{"start":{"line":102,"column":0},"end":{"line":102,"column":18}},"48":{"start":{"line":103,"column":0},"end":{"line":103,"column":22}},"49":{"start":{"line":104,"column":0},"end":{"line":104,"column":42}}},"branchMap":{"1":{"line":4,"type":"if","locations":[{"start":{"line":4,"column":3},"end":{"line":4,"column":3}},{"start":{"line":4,"column":3},"end":{"line":4,"column":3}}]},"2":{"line":5,"type":"if","locations":[{"start":{"line":5,"column":3},"end":{"line":5,"column":3}},{"start":{"line":5,"column":3},"end":{"line":5,"column":3}}]},"3":{"line":14,"type":"if","locations":[{"start":{"line":14,"column":4},"end":{"line":14,"column":4}},{"start":{"line":14,"column":4},"end":{"line":14,"column":4}}]},"4":{"line":14,"type":"binary-expr","locations":[{"start":{"line":14,"column":8},"end":{"line":14,"column":13}},{"start":{"line":14,"column":17},"end":{"line":14,"column":22}}]},"5":{"line":18,"type":"if","locations":[{"start":{"line":18,"column":9},"end":{"line":18,"column":9}},{"start":{"line":18,"column":9},"end":{"line":18,"column":9}}]},"6":{"line":20,"type":"if","locations":[{"start":{"line":20,"column":8},"end":{"line":20,"column":8}},{"start":{"line":20,"column":8},"end":{"line":20,"column":8}}]},"7":{"line":24,"type":"if","locations":[{"start":{"line":24,"column":13},"end":{"line":24,"column":13}},{"start":{"line":24,"column":13},"end":{"line":24,"column":13}}]},"8":{"line":31,"type":"if","locations":[{"start":{"line":31,"column":8},"end":{"line":31,"column":8}},{"start":{"line":31,"column":8},"end":{"line":31,"column":8}}]},"9":{"line":42,"type":"if","locations":[{"start":{"line":42,"column":1},"end":{"line":42,"column":1}},{"start":{"line":42,"column":1},"end":{"line":42,"column":1}}]},"10":{"line":48,"type":"if","locations":[{"start":{"line":48,"column":4},"end":{"line":48,"column":4}},{"start":{"line":48,"column":4},"end":{"line":48,"column":4}}]},"11":{"line":53,"type":"if","locations":[{"start":{"line":53,"column":3},"end":{"line":53,"column":3}},{"start":{"line":53,"column":3},"end":{"line":53,"column":3}}]},"12":{"line":56,"type":"if","locations":[{"start":{"line":56,"column":2},"end":{"line":56,"column":2}},{"start":{"line":56,"column":2},"end":{"line":56,"column":2}}]},"13":{"line":76,"type":"if","locations":[{"start":{"line":76,"column":4},"end":{"line":76,"column":4}},{"start":{"line":76,"column":4},"end":{"line":76,"column":4}}]},"14":{"line":76,"type":"binary-expr","locations":[{"start":{"line":76,"column":8},"end":{"line":76,"column":16}},{"start":{"line":76,"column":20},"end":{"line":76,"column":38}}]},"15":{"line":92,"type":"if","locations":[{"start":{"line":92,"column":1},"end":{"line":92,"column":1}},{"start":{"line":92,"column":1},"end":{"line":92,"column":1}}]}}}}